-------------------------------------------------------------------------------
Test set: TestSuite
-------------------------------------------------------------------------------
Tests run: 1, Failures: 1, Errors: 0, Skipped: 0, Time elapsed: 1.601 sec <<< FAILURE! - in TestSuite
loginCreateDeleteTest(SimpleTest)  Time elapsed: 0.016 sec  <<< FAILURE!
java.lang.NullPointerException: null
	at LoginPage.open(LoginPage.java:19)
	at SimpleTest.loginCreateDeleteTest(SimpleTest.java:24)

