<?xml version="1.0" encoding="UTF-8"?>
<!-- Generated by org.testng.reporters.JUnitXMLReporter -->
<testsuite hostname="DESKTOP-1Q58IFO" ignored="0" tests="2" failures="1" timestamp="15 мая 2017 18:00:10 GMT" time="14.261" errors="0">
  <testcase name="loginTest" time="11.551" classname="SimpleTest"/>
  <testcase name="testMethod1" time="2.68" classname="SimpleTest">
    <failure type="java.lang.AssertionError" message="expected [true] but found [false]">
      <![CDATA[java.lang.AssertionError: expected [true] but found [false]
	at SimpleTest.testMethod1(SimpleTest.java:17)
	at java.util.concurrent.FutureTask.run(FutureTask.java:266)
	at java.util.concurrent.ThreadPoolExecutor.runWorker(ThreadPoolExecutor.java:1142)
	at java.util.concurrent.ThreadPoolExecutor$Worker.run(ThreadPoolExecutor.java:617)
	at java.lang.Thread.run(Thread.java:745)
... Removed 20 stack frames]]>
    </failure>
  </testcase> <!-- testMethod1 -->
</testsuite>
