<?xml version="1.0" encoding="UTF-8"?>
<testng-results skipped="0" failed="0" total="1" passed="1">
  <reporter-output>
  </reporter-output>
  <suite name="Parallel test suite" duration-ms="31" started-at="2017-03-25T20:08:28Z" finished-at="2017-03-25T20:08:28Z">
    <groups>
      <group name="runAll">
        <method signature="SimpleTest.testCreateFile()[pri:0, instance:SimpleTest@68837a77]" name="testCreateFile" class="SimpleTest"/>
      </group> <!-- runAll -->
      <group name="createFile">
        <method signature="SimpleTest.testCreateFile()[pri:0, instance:SimpleTest@68837a77]" name="testCreateFile" class="SimpleTest"/>
      </group> <!-- createFile -->
    </groups>
    <test name="Test1" duration-ms="31" started-at="2017-03-25T20:08:28Z" finished-at="2017-03-25T20:08:28Z">
      <class name="SimpleTest">
        <test-method status="PASS" signature="testCreateFile()[pri:0, instance:SimpleTest@68837a77]" name="testCreateFile" duration-ms="15" started-at="2017-03-25T22:08:28Z" finished-at="2017-03-25T22:08:28Z">
          <reporter-output>
          </reporter-output>
        </test-method> <!-- testCreateFile -->
      </class> <!-- SimpleTest -->
    </test> <!-- Test1 -->
  </suite> <!-- Parallel test suite -->
</testng-results>
