<?xml version="1.0" encoding="UTF-8"?>
<!-- Generated by org.testng.reporters.JUnitXMLReporter -->
<testsuite hostname="DESKTOP-1Q58IFO" ignored="0" tests="1" failures="1" timestamp="22 мая 2017 16:38:37 GMT" time="0.876" errors="0">
  <testcase name="loginCreateDeleteTest" time="0.86" classname="SimpleTest">
    <failure type="java.lang.NullPointerException">
      <![CDATA[java.lang.NullPointerException
	at LoginPage.open(LoginPage.java:19)
	at SimpleTest.loginCreateDeleteTest(SimpleTest.java:24)
	at java.util.concurrent.FutureTask.run(FutureTask.java:266)
	at java.util.concurrent.ThreadPoolExecutor.runWorker(ThreadPoolExecutor.java:1142)
	at java.util.concurrent.ThreadPoolExecutor$Worker.run(ThreadPoolExecutor.java:617)
	at java.lang.Thread.run(Thread.java:745)
... Removed 16 stack frames]]>
    </failure>
  </testcase> <!-- loginCreateDeleteTest -->
</testsuite>
