<?xml version="1.0" encoding="UTF-8"?>
<testsuite name="TestSuite" time="8.046" tests="2" errors="0" skipped="0" failures="1">
  <properties>
[...]
</properties>
  <testcase name="loginTest" classname="SimpleTest" time="8.04"/>
  <testcase name="testMethod1" classname="SimpleTest" time="0.006">
    <failure message="expected [true] but found [false]" type="java.lang.AssertionError">java.lang.AssertionError: expected [true] but found [false]
	at org.testng.Assert.fail(Assert.java:94)
	at org.testng.Assert.failNotEquals(Assert.java:513)
	at org.testng.Assert.assertTrue(Assert.java:42)
	at org.testng.Assert.assertTrue(Assert.java:52)
	at SimpleTest.testMethod1(SimpleTest.java:17)
</failure>
    <system-out><![CDATA[2017-05-15 21:00:07 DEBUG RequestAddCookies:122 - CookieSpec selected: default
2017-05-15 21:00:07 DEBUG RequestAuthCache:76 - Auth cache not set in the context
2017-05-15 21:00:07 DEBUG PoolingHttpClientConnectionManager:249 - Connection request: [route: {}->http://127.0.0.1:4444][total kept alive: 1; route allocated: 1 of 2000; total allocated: 1 of 2000]
2017-05-15 21:00:07 DEBUG PoolingHttpClientConnectionManager:282 - Connection leased: [id: 0][route: {}->http://127.0.0.1:4444][total kept alive: 0; route allocated: 1 of 2000; total allocated: 1 of 2000]
2017-05-15 21:00:07 DEBUG MainClientExec:207 - Stale connection check
2017-05-15 21:00:07 DEBUG wire:86 - http-outgoing-0 << "[read] I/O error: Read timed out"
2017-05-15 21:00:07 DEBUG DefaultManagedHttpClientConnection:90 - http-outgoing-0: set socket timeout to 10800000
2017-05-15 21:00:07 DEBUG MainClientExec:255 - Executing request POST /wd/hub/session HTTP/1.1
2017-05-15 21:00:07 DEBUG MainClientExec:260 - Target auth state: UNCHALLENGED
2017-05-15 21:00:07 DEBUG MainClientExec:266 - Proxy auth state: UNCHALLENGED
2017-05-15 21:00:07 DEBUG headers:135 - http-outgoing-0 >> POST /wd/hub/session HTTP/1.1
2017-05-15 21:00:07 DEBUG headers:138 - http-outgoing-0 >> Content-Type: application/json; charset=utf-8
2017-05-15 21:00:07 DEBUG headers:138 - http-outgoing-0 >> Content-Length: 485
2017-05-15 21:00:07 DEBUG headers:138 - http-outgoing-0 >> Host: 127.0.0.1:4444
2017-05-15 21:00:07 DEBUG headers:138 - http-outgoing-0 >> Connection: Keep-Alive
2017-05-15 21:00:07 DEBUG headers:138 - http-outgoing-0 >> User-Agent: Apache-HttpClient/4.5.2 (Java/1.8.0_111)
2017-05-15 21:00:07 DEBUG headers:138 - http-outgoing-0 >> Accept-Encoding: gzip,deflate
2017-05-15 21:00:07 DEBUG wire:72 - http-outgoing-0 >> "POST /wd/hub/session HTTP/1.1[\r][\n]"
2017-05-15 21:00:07 DEBUG wire:72 - http-outgoing-0 >> "Content-Type: application/json; charset=utf-8[\r][\n]"
2017-05-15 21:00:07 DEBUG wire:72 - http-outgoing-0 >> "Content-Length: 485[\r][\n]"
2017-05-15 21:00:07 DEBUG wire:72 - http-outgoing-0 >> "Host: 127.0.0.1:4444[\r][\n]"
2017-05-15 21:00:07 DEBUG wire:72 - http-outgoing-0 >> "Connection: Keep-Alive[\r][\n]"
2017-05-15 21:00:07 DEBUG wire:72 - http-outgoing-0 >> "User-Agent: Apache-HttpClient/4.5.2 (Java/1.8.0_111)[\r][\n]"
2017-05-15 21:00:07 DEBUG wire:72 - http-outgoing-0 >> "Accept-Encoding: gzip,deflate[\r][\n]"
2017-05-15 21:00:07 DEBUG wire:72 - http-outgoing-0 >> "[\r][\n]"
2017-05-15 21:00:07 DEBUG wire:72 - http-outgoing-0 >> "{[\n]"
2017-05-15 21:00:07 DEBUG wire:72 - http-outgoing-0 >> "  "desiredCapabilities": {[\n]"
2017-05-15 21:00:07 DEBUG wire:72 - http-outgoing-0 >> "    "marionette": true,[\n]"
2017-05-15 21:00:07 DEBUG wire:72 - http-outgoing-0 >> "    "browserName": "firefox",[\n]"
2017-05-15 21:00:07 DEBUG wire:72 - http-outgoing-0 >> "    "version": "",[\n]"
2017-05-15 21:00:07 DEBUG wire:72 - http-outgoing-0 >> "    "platform": "ANY"[\n]"
2017-05-15 21:00:07 DEBUG wire:72 - http-outgoing-0 >> "  },[\n]"
2017-05-15 21:00:07 DEBUG wire:72 - http-outgoing-0 >> "  "requiredCapabilities": {},[\n]"
2017-05-15 21:00:07 DEBUG wire:72 - http-outgoing-0 >> "  "capabilities": {[\n]"
2017-05-15 21:00:07 DEBUG wire:72 - http-outgoing-0 >> "    "desiredCapabilities": {[\n]"
2017-05-15 21:00:07 DEBUG wire:72 - http-outgoing-0 >> "      "marionette": true,[\n]"
2017-05-15 21:00:07 DEBUG wire:72 - http-outgoing-0 >> "      "browserName": "firefox",[\n]"
2017-05-15 21:00:07 DEBUG wire:72 - http-outgoing-0 >> "      "version": "",[\n]"
2017-05-15 21:00:07 DEBUG wire:72 - http-outgoing-0 >> "      "platform": "ANY"[\n]"
2017-05-15 21:00:07 DEBUG wire:72 - http-outgoing-0 >> "    },[\n]"
2017-05-15 21:00:07 DEBUG wire:72 - http-outgoing-0 >> "    "requiredCapabilities": {}[\n]"
2017-05-15 21:00:07 DEBUG wire:72 - http-outgoing-0 >> "  },[\n]"
2017-05-15 21:00:07 DEBUG wire:72 - http-outgoing-0 >> "  "alwaysMatch": {[\n]"
2017-05-15 21:00:07 DEBUG wire:72 - http-outgoing-0 >> "    "version": "",[\n]"
2017-05-15 21:00:07 DEBUG wire:72 - http-outgoing-0 >> "    "platform": "ANY"[\n]"
2017-05-15 21:00:07 DEBUG wire:72 - http-outgoing-0 >> "  },[\n]"
2017-05-15 21:00:07 DEBUG wire:72 - http-outgoing-0 >> "  "firstMatch": [[\n]"
2017-05-15 21:00:07 DEBUG wire:72 - http-outgoing-0 >> "    {[\n]"
2017-05-15 21:00:07 DEBUG wire:72 - http-outgoing-0 >> "      "browserName": "firefox"[\n]"
2017-05-15 21:00:07 DEBUG wire:72 - http-outgoing-0 >> "    }[\n]"
2017-05-15 21:00:07 DEBUG wire:72 - http-outgoing-0 >> "  ][\n]"
2017-05-15 21:00:07 DEBUG wire:86 - http-outgoing-0 >> "}"
2017-05-15 21:00:10 DEBUG wire:72 - http-outgoing-0 << "HTTP/1.1 200 OK[\r][\n]"
2017-05-15 21:00:10 DEBUG wire:72 - http-outgoing-0 << "Date: Mon, 15 May 2017 18:00:07 GMT[\r][\n]"
2017-05-15 21:00:10 DEBUG wire:72 - http-outgoing-0 << "Expires: Thu, 01 Jan 1970 00:00:00 GMT[\r][\n]"
2017-05-15 21:00:10 DEBUG wire:72 - http-outgoing-0 << "Cache-Control: no-cache[\r][\n]"
2017-05-15 21:00:10 DEBUG wire:72 - http-outgoing-0 << "Content-Type: application/json;charset=utf-8[\r][\n]"
2017-05-15 21:00:10 DEBUG wire:72 - http-outgoing-0 << "Server: Jetty(9.4.3.v20170317)[\r][\n]"
2017-05-15 21:00:10 DEBUG wire:72 - http-outgoing-0 << "Content-Length: 716[\r][\n]"
2017-05-15 21:00:10 DEBUG wire:72 - http-outgoing-0 << "[\r][\n]"
2017-05-15 21:00:10 DEBUG wire:86 - http-outgoing-0 << "{"state":null,"sessionId":"db299605-3a6d-4299-ba89-578223a15870","hCode":919754598,"value":{"moz:profile":"C:\\Users\\guber\\AppData\\Local\\Temp\\rust_mozprofile.AwpP37vmqX9y","rotatable":false,"timeouts":{"implicit":0.0,"page load":300000.0,"script":30000.0},"pageLoadStrategy":"normal","platform":"ANY","specificationLevel":0.0,"moz:accessibilityChecks":false,"webdriver.remote.sessionid":"db299605-3a6d-4299-ba89-578223a15870","acceptInsecureCerts":false,"browserVersion":"52.0","platformVersion":"10.0","moz:processID":8064.0,"browserName":"firefox","takesScreenshot":true,"javascriptEnabled":true,"platformName":"windows_nt","cssSelectorsEnabled":true},"class":"org.openqa.selenium.remote.Response","status":0}"
2017-05-15 21:00:10 DEBUG headers:124 - http-outgoing-0 << HTTP/1.1 200 OK
2017-05-15 21:00:10 DEBUG headers:127 - http-outgoing-0 << Date: Mon, 15 May 2017 18:00:07 GMT
2017-05-15 21:00:10 DEBUG headers:127 - http-outgoing-0 << Expires: Thu, 01 Jan 1970 00:00:00 GMT
2017-05-15 21:00:10 DEBUG headers:127 - http-outgoing-0 << Cache-Control: no-cache
2017-05-15 21:00:10 DEBUG headers:127 - http-outgoing-0 << Content-Type: application/json;charset=utf-8
2017-05-15 21:00:10 DEBUG headers:127 - http-outgoing-0 << Server: Jetty(9.4.3.v20170317)
2017-05-15 21:00:10 DEBUG headers:127 - http-outgoing-0 << Content-Length: 716
2017-05-15 21:00:10 DEBUG MainClientExec:284 - Connection can be kept alive indefinitely
2017-05-15 21:00:10 DEBUG PoolingHttpClientConnectionManager:314 - Connection [id: 0][route: {}->http://127.0.0.1:4444] can be kept alive indefinitely
2017-05-15 21:00:10 DEBUG PoolingHttpClientConnectionManager:320 - Connection released: [id: 0][route: {}->http://127.0.0.1:4444][total kept alive: 1; route allocated: 1 of 2000; total allocated: 1 of 2000]
The name of the testcase failed is :testMethod1
]]></system-out>
    <system-err><![CDATA[мая 15, 2017 9:00:10 PM org.openqa.selenium.remote.ProtocolHandshake createSession
INFO: Detected dialect: OSS
]]></system-err>
  </testcase>
</testsuite>